<?xml version="1.0" encoding="UTF-8"?>
<!-- Generated by org.testng.reporters.JUnitReportReporter -->
<testsuite skipped="0" hostname="LAPTOP-T28CSHCT" name="com.qa.testcase.Loginpagetest" tests="3" failures="0" timestamp="30 Apr 2020 18:35:33 GMT" time="46.403" errors="0">
  <testcase name="testvelidateloginfunction1" time="9.599" classname="com.qa.testcase.Loginpagetest"/>
  <testcase name="testverifyactilogo" time="28.153" classname="com.qa.testcase.Loginpagetest"/>
  <testcase name="testvelidateloginfunction" time="8.651" classname="com.qa.testcase.Loginpagetest"/>
</testsuite> <!-- com.qa.testcase.Loginpagetest -->
