<?xml version="1.0" encoding="UTF-8"?>
<!-- Generated by org.testng.reporters.JUnitReportReporter -->
<testsuite skipped="0" hostname="LAPTOP-T28CSHCT" name="com.qa.jitubase.DriverScript" tests="1" failures="0" timestamp="29 Apr 2020 00:46:39 GMT" time="25.307" errors="0">
  <testcase name="initapp" time="25.307" classname="com.qa.jitubase.DriverScript"/>
</testsuite> <!-- com.qa.jitubase.DriverScript -->
