<?xml version="1.0" encoding="UTF-8"?>
<!-- Generated by org.testng.reporters.JUnitReportReporter -->
<testsuite skipped="0" hostname="LAPTOP-T28CSHCT" name="com.qa.testcase.Loginpagetest" tests="2" failures="0" timestamp="29 Apr 2020 21:40:12 GMT" time="37.525" errors="0">
  <testcase name="testverifyactilogo" time="8.137" classname="com.qa.testcase.Loginpagetest"/>
  <testcase name="testvelidateloginfunction" time="29.388" classname="com.qa.testcase.Loginpagetest"/>
</testsuite> <!-- com.qa.testcase.Loginpagetest -->
